content_script.js:4894 This page uses Chrome's Built-In AI features (LanguageDetector)! We're always improving our models; please submit your feedback here: https://issues.chromium.org/issues/new?component=1583316
fc26a0e62498a4f1.js:1  GET https://www.considerra.com/admin/pages/1516b1be-b5a5-4173-8ca6-0c4ac801f5c1/sections/2cd22321-dacb-4339-a0fd-0f3d4a0131bf?_rsc=1uxe9 404 (Not Found)
v @ fc26a0e62498a4f1.js:1
er @ fc26a0e62498a4f1.js:1
$ @ fc26a0e62498a4f1.js:1
（匿名） @ fc26a0e62498a4f1.js:1
（匿名） @ fc26a0e62498a4f1.js:1
U @ fc26a0e62498a4f1.js:1
fc26a0e62498a4f1.js:1  GET https://www.considerra.com/admin/pages/1516b1be-b5a5-4173-8ca6-0c4ac801f5c1?_rsc=1uxe9 404 (Not Found)
v @ fc26a0e62498a4f1.js:1
er @ fc26a0e62498a4f1.js:1
$ @ fc26a0e62498a4f1.js:1
（匿名） @ fc26a0e62498a4f1.js:1
（匿名） @ fc26a0e62498a4f1.js:1
U @ fc26a0e62498a4f1.js:1
fc26a0e62498a4f1.js:1  GET https://www.considerra.com/admin/pages/1516b1be-b5a5-4173-8ca6-0c4ac801f5c1?_rsc=lpq91 404 (Not Found)
v @ fc26a0e62498a4f1.js:1
er @ fc26a0e62498a4f1.js:1
$ @ fc26a0e62498a4f1.js:1
（匿名） @ fc26a0e62498a4f1.js:1
（匿名） @ fc26a0e62498a4f1.js:1
U @ fc26a0e62498a4f1.js:1
fc26a0e62498a4f1.js:1  GET https://www.considerra.com/admin/pages/1516b1be-b5a5-4173-8ca6-0c4ac801f5c1?_rsc=1uxe9 404 (Not Found)
v @ fc26a0e62498a4f1.js:1
er @ fc26a0e62498a4f1.js:1
$ @ fc26a0e62498a4f1.js:1
（匿名） @ fc26a0e62498a4f1.js:1
（匿名） @ fc26a0e62498a4f1.js:1
U @ fc26a0e62498a4f1.js:1
fc26a0e62498a4f1.js:1  GET https://www.considerra.com/admin/pages/1516b1be-b5a5-4173-8ca6-0c4ac801f5c1/sections/2cd22321-dacb-4339-a0fd-0f3d4a0131bf?_rsc=1uxe9 404 (Not Found)
v @ fc26a0e62498a4f1.js:1
er @ fc26a0e62498a4f1.js:1
$ @ fc26a0e62498a4f1.js:1
（匿名） @ fc26a0e62498a4f1.js:1
（匿名） @ fc26a0e62498a4f1.js:1
U @ fc26a0e62498a4f1.js:1
fc26a0e62498a4f1.js:1  GET https://www.considerra.com/admin/pages/1516b1be-b5a5-4173-8ca6-0c4ac801f5c1/sections/2cd22321-dacb-4339-a0fd-0f3d4a0131bf?_rsc=lpq91 404 (Not Found)
v @ fc26a0e62498a4f1.js:1
er @ fc26a0e62498a4f1.js:1
$ @ fc26a0e62498a4f1.js:1
（匿名） @ fc26a0e62498a4f1.js:1
（匿名） @ fc26a0e62498a4f1.js:1
U @ fc26a0e62498a4f1.js:1
fc26a0e62498a4f1.js:1  GET https://www.considerra.com/admin/pages/1516b1be-b5a5-4173-8ca6-0c4ac801f5c1?_rsc=lpq91 404 (Not Found)
v @ fc26a0e62498a4f1.js:1
er @ fc26a0e62498a4f1.js:1
$ @ fc26a0e62498a4f1.js:1
（匿名） @ fc26a0e62498a4f1.js:1
（匿名） @ fc26a0e62498a4f1.js:1
U @ fc26a0e62498a4f1.js:1
fc26a0e62498a4f1.js:1  GET https://www.considerra.com/admin/pages/1516b1be-b5a5-4173-8ca6-0c4ac801f5c1?_rsc=1uxe9 404 (Not Found)
v @ fc26a0e62498a4f1.js:1
er @ fc26a0e62498a4f1.js:1
$ @ fc26a0e62498a4f1.js:1
（匿名） @ fc26a0e62498a4f1.js:1
（匿名） @ fc26a0e62498a4f1.js:1
U @ fc26a0e62498a4f1.js:1
fc26a0e62498a4f1.js:1  GET https://www.considerra.com/admin/pages/1516b1be-b5a5-4173-8ca6-0c4ac801f5c1/sections/2cd22321-dacb-4339-a0fd-0f3d4a0131bf?_rsc=1uxe9 404 (Not Found)
v @ fc26a0e62498a4f1.js:1
er @ fc26a0e62498a4f1.js:1
$ @ fc26a0e62498a4f1.js:1
（匿名） @ fc26a0e62498a4f1.js:1
（匿名） @ fc26a0e62498a4f1.js:1
U @ fc26a0e62498a4f1.js:1
fc26a0e62498a4f1.js:1  GET https://www.considerra.com/admin/pages/1516b1be-b5a5-4173-8ca6-0c4ac801f5c1?_rsc=lpq91 404 (Not Found)
v @ fc26a0e62498a4f1.js:1
er @ fc26a0e62498a4f1.js:1
$ @ fc26a0e62498a4f1.js:1
（匿名） @ fc26a0e62498a4f1.js:1
（匿名） @ fc26a0e62498a4f1.js:1
U @ fc26a0e62498a4f1.js:1
fc26a0e62498a4f1.js:1  GET https://www.considerra.com/admin/pages/309ab572-09cd-4b5a-934c-882e9b746428?_rsc=a1faf 404 (Not Found)
v @ fc26a0e62498a4f1.js:1
er @ fc26a0e62498a4f1.js:1
$ @ fc26a0e62498a4f1.js:1
（匿名） @ fc26a0e62498a4f1.js:1
（匿名） @ fc26a0e62498a4f1.js:1
U @ fc26a0e62498a4f1.js:1
fc26a0e62498a4f1.js:1  GET https://www.considerra.com/admin/pages/309ab572-09cd-4b5a-934c-882e9b746428?_rsc=ackqb 404 (Not Found)
v @ fc26a0e62498a4f1.js:1
er @ fc26a0e62498a4f1.js:1
$ @ fc26a0e62498a4f1.js:1
（匿名） @ fc26a0e62498a4f1.js:1
（匿名） @ fc26a0e62498a4f1.js:1
U @ fc26a0e62498a4f1.js:1
fc26a0e62498a4f1.js:1  GET https://www.considerra.com/admin/pages/309ab572-09cd-4b5a-934c-882e9b746428/sections/44d3a62e-36c0-4eb9-bbcb-142fa0dcb991?_rsc=ackqb 404 (Not Found)
v @ fc26a0e62498a4f1.js:1
er @ fc26a0e62498a4f1.js:1
$ @ fc26a0e62498a4f1.js:1
（匿名） @ fc26a0e62498a4f1.js:1
（匿名） @ fc26a0e62498a4f1.js:1
U @ fc26a0e62498a4f1.js:1
da7363b4b5b4b955.js:1 [tiptap warn]: Duplicate extension names found: ['link', 'underline']. This can lead to issues.
oA @ da7363b4b5b4b955.js:1
sh @ da7363b4b5b4b955.js:1
createExtensionManager @ da7363b4b5b4b955.js:71
sT @ da7363b4b5b4b955.js:71
createEditor @ da7363b4b5b4b955.js:79
refreshEditorInstance @ da7363b4b5b4b955.js:79
（匿名） @ da7363b4b5b4b955.js:79
ih @ a39a0df671df3290.js:1
uf @ a39a0df671df3290.js:1
uc @ a39a0df671df3290.js:1
uf @ a39a0df671df3290.js:1
uc @ a39a0df671df3290.js:1
uf @ a39a0df671df3290.js:1
uc @ a39a0df671df3290.js:1
uf @ a39a0df671df3290.js:1
uc @ a39a0df671df3290.js:1
uf @ a39a0df671df3290.js:1
uc @ a39a0df671df3290.js:1
uf @ a39a0df671df3290.js:1
uc @ a39a0df671df3290.js:1
uf @ a39a0df671df3290.js:1
uc @ a39a0df671df3290.js:1
uf @ a39a0df671df3290.js:1
uc @ a39a0df671df3290.js:1
uf @ a39a0df671df3290.js:1
uc @ a39a0df671df3290.js:1
uf @ a39a0df671df3290.js:1
uc @ a39a0df671df3290.js:1
uf @ a39a0df671df3290.js:1
uc @ a39a0df671df3290.js:1
uf @ a39a0df671df3290.js:1
uc @ a39a0df671df3290.js:1
uf @ a39a0df671df3290.js:1
uc @ a39a0df671df3290.js:1
uf @ a39a0df671df3290.js:1
uc @ a39a0df671df3290.js:1
uf @ a39a0df671df3290.js:1
uc @ a39a0df671df3290.js:1
uf @ a39a0df671df3290.js:1
uc @ a39a0df671df3290.js:1
uf @ a39a0df671df3290.js:1
uc @ a39a0df671df3290.js:1
uf @ a39a0df671df3290.js:1
uc @ a39a0df671df3290.js:1
uf @ a39a0df671df3290.js:1
uc @ a39a0df671df3290.js:1
uf @ a39a0df671df3290.js:1
uc @ a39a0df671df3290.js:1
uf @ a39a0df671df3290.js:1
uc @ a39a0df671df3290.js:1
uf @ a39a0df671df3290.js:1
uc @ a39a0df671df3290.js:1
uf @ a39a0df671df3290.js:1
uc @ a39a0df671df3290.js:1
uf @ a39a0df671df3290.js:1
uc @ a39a0df671df3290.js:1
uf @ a39a0df671df3290.js:1
uc @ a39a0df671df3290.js:1
uf @ a39a0df671df3290.js:1
uc @ a39a0df671df3290.js:1
uf @ a39a0df671df3290.js:1
uc @ a39a0df671df3290.js:1
uf @ a39a0df671df3290.js:1
uc @ a39a0df671df3290.js:1
uf @ a39a0df671df3290.js:1
uc @ a39a0df671df3290.js:1
uf @ a39a0df671df3290.js:1
uc @ a39a0df671df3290.js:1
uf @ a39a0df671df3290.js:1
uc @ a39a0df671df3290.js:1
uf @ a39a0df671df3290.js:1
uc @ a39a0df671df3290.js:1
uf @ a39a0df671df3290.js:1
uc @ a39a0df671df3290.js:1
uf @ a39a0df671df3290.js:1
uc @ a39a0df671df3290.js:1
uf @ a39a0df671df3290.js:1
uc @ a39a0df671df3290.js:1
uf @ a39a0df671df3290.js:1
uc @ a39a0df671df3290.js:1
uf @ a39a0df671df3290.js:1
uc @ a39a0df671df3290.js:1
uf @ a39a0df671df3290.js:1
uc @ a39a0df671df3290.js:1
uf @ a39a0df671df3290.js:1
uc @ a39a0df671df3290.js:1
uf @ a39a0df671df3290.js:1
uc @ a39a0df671df3290.js:1
uf @ a39a0df671df3290.js:1
uc @ a39a0df671df3290.js:1
uf @ a39a0df671df3290.js:1
uc @ a39a0df671df3290.js:1
uf @ a39a0df671df3290.js:1
uc @ a39a0df671df3290.js:1
uf @ a39a0df671df3290.js:1
uc @ a39a0df671df3290.js:1
uf @ a39a0df671df3290.js:1
uc @ a39a0df671df3290.js:1
uf @ a39a0df671df3290.js:1
uc @ a39a0df671df3290.js:1
uf @ a39a0df671df3290.js:1
uc @ a39a0df671df3290.js:1
uf @ a39a0df671df3290.js:1
uc @ a39a0df671df3290.js:1
uf @ a39a0df671df3290.js:1
uc @ a39a0df671df3290.js:1
uf @ a39a0df671df3290.js:1
uc @ a39a0df671df3290.js:1
uf @ a39a0df671df3290.js:1
uc @ a39a0df671df3290.js:1
uf @ a39a0df671df3290.js:1
uc @ a39a0df671df3290.js:1
uf @ a39a0df671df3290.js:1
uc @ a39a0df671df3290.js:1
uf @ a39a0df671df3290.js:1
uc @ a39a0df671df3290.js:1
uf @ a39a0df671df3290.js:1
uc @ a39a0df671df3290.js:1
uf @ a39a0df671df3290.js:1
uc @ a39a0df671df3290.js:1
uf @ a39a0df671df3290.js:1
uc @ a39a0df671df3290.js:1
uf @ a39a0df671df3290.js:1
uc @ a39a0df671df3290.js:1
uf @ a39a0df671df3290.js:1
uc @ a39a0df671df3290.js:1
uf @ a39a0df671df3290.js:1
uc @ a39a0df671df3290.js:1
uf @ a39a0df671df3290.js:1
uc @ a39a0df671df3290.js:1
uf @ a39a0df671df3290.js:1
uc @ a39a0df671df3290.js:1
uf @ a39a0df671df3290.js:1
uc @ a39a0df671df3290.js:1
uf @ a39a0df671df3290.js:1
uc @ a39a0df671df3290.js:1
uf @ a39a0df671df3290.js:1
uc @ a39a0df671df3290.js:1
uf @ a39a0df671df3290.js:1
uc @ a39a0df671df3290.js:1
uf @ a39a0df671df3290.js:1
uc @ a39a0df671df3290.js:1
uf @ a39a0df671df3290.js:1
uc @ a39a0df671df3290.js:1
uf @ a39a0df671df3290.js:1
uc @ a39a0df671df3290.js:1
uf @ a39a0df671df3290.js:1
uc @ a39a0df671df3290.js:1
uf @ a39a0df671df3290.js:1
uc @ a39a0df671df3290.js:1
uf @ a39a0df671df3290.js:1
uc @ a39a0df671df3290.js:1
uf @ a39a0df671df3290.js:1
uc @ a39a0df671df3290.js:1
uf @ a39a0df671df3290.js:1
uc @ a39a0df671df3290.js:1
uf @ a39a0df671df3290.js:1
uc @ a39a0df671df3290.js:1
uf @ a39a0df671df3290.js:1
uc @ a39a0df671df3290.js:1
uf @ a39a0df671df3290.js:1
uc @ a39a0df671df3290.js:1
uf @ a39a0df671df3290.js:1
uc @ a39a0df671df3290.js:1
uf @ a39a0df671df3290.js:1
uc @ a39a0df671df3290.js:1
uf @ a39a0df671df3290.js:1
uc @ a39a0df671df3290.js:1
uf @ a39a0df671df3290.js:1
uc @ a39a0df671df3290.js:1
uf @ a39a0df671df3290.js:1
uc @ a39a0df671df3290.js:1
uf @ a39a0df671df3290.js:1
uc @ a39a0df671df3290.js:1
uf @ a39a0df671df3290.js:1
uc @ a39a0df671df3290.js:1
uf @ a39a0df671df3290.js:1
uc @ a39a0df671df3290.js:1
uf @ a39a0df671df3290.js:1
uc @ a39a0df671df3290.js:1
uf @ a39a0df671df3290.js:1
uc @ a39a0df671df3290.js:1
uf @ a39a0df671df3290.js:1
uc @ a39a0df671df3290.js:1
uf @ a39a0df671df3290.js:1
uc @ a39a0df671df3290.js:1
uf @ a39a0df671df3290.js:1
uc @ a39a0df671df3290.js:1
uf @ a39a0df671df3290.js:1
uc @ a39a0df671df3290.js:1
uf @ a39a0df671df3290.js:1
uc @ a39a0df671df3290.js:1
uf @ a39a0df671df3290.js:1
uc @ a39a0df671df3290.js:1
uf @ a39a0df671df3290.js:1
uc @ a39a0df671df3290.js:1
uf @ a39a0df671df3290.js:1
uc @ a39a0df671df3290.js:1
uf @ a39a0df671df3290.js:1
uc @ a39a0df671df3290.js:1
da7363b4b5b4b955.js:1 [tiptap warn]: Duplicate extension names found: ['link', 'underline']. This can lead to issues.
oA @ da7363b4b5b4b955.js:1
sh @ da7363b4b5b4b955.js:1
createExtensionManager @ da7363b4b5b4b955.js:71
sT @ da7363b4b5b4b955.js:71
createEditor @ da7363b4b5b4b955.js:79
refreshEditorInstance @ da7363b4b5b4b955.js:79
（匿名） @ da7363b4b5b4b955.js:79
ih @ a39a0df671df3290.js:1
uf @ a39a0df671df3290.js:1
uc @ a39a0df671df3290.js:1
uf @ a39a0df671df3290.js:1
uc @ a39a0df671df3290.js:1
uf @ a39a0df671df3290.js:1
uc @ a39a0df671df3290.js:1
uf @ a39a0df671df3290.js:1
uc @ a39a0df671df3290.js:1
uf @ a39a0df671df3290.js:1
uc @ a39a0df671df3290.js:1
uf @ a39a0df671df3290.js:1
uc @ a39a0df671df3290.js:1
uf @ a39a0df671df3290.js:1
uc @ a39a0df671df3290.js:1
uf @ a39a0df671df3290.js:1
uc @ a39a0df671df3290.js:1
uf @ a39a0df671df3290.js:1
uc @ a39a0df671df3290.js:1
uf @ a39a0df671df3290.js:1
uc @ a39a0df671df3290.js:1
uf @ a39a0df671df3290.js:1
uc @ a39a0df671df3290.js:1
uf @ a39a0df671df3290.js:1
uc @ a39a0df671df3290.js:1
uf @ a39a0df671df3290.js:1
uc @ a39a0df671df3290.js:1
uf @ a39a0df671df3290.js:1
uc @ a39a0df671df3290.js:1
uf @ a39a0df671df3290.js:1
uc @ a39a0df671df3290.js:1
uf @ a39a0df671df3290.js:1
uc @ a39a0df671df3290.js:1
uf @ a39a0df671df3290.js:1
uc @ a39a0df671df3290.js:1
uf @ a39a0df671df3290.js:1
uc @ a39a0df671df3290.js:1
uf @ a39a0df671df3290.js:1
uc @ a39a0df671df3290.js:1
uf @ a39a0df671df3290.js:1
uc @ a39a0df671df3290.js:1
uf @ a39a0df671df3290.js:1
uc @ a39a0df671df3290.js:1
uf @ a39a0df671df3290.js:1
uc @ a39a0df671df3290.js:1
uf @ a39a0df671df3290.js:1
uc @ a39a0df671df3290.js:1
uf @ a39a0df671df3290.js:1
uc @ a39a0df671df3290.js:1
uf @ a39a0df671df3290.js:1
uc @ a39a0df671df3290.js:1
uf @ a39a0df671df3290.js:1
uc @ a39a0df671df3290.js:1
uf @ a39a0df671df3290.js:1
uc @ a39a0df671df3290.js:1
uf @ a39a0df671df3290.js:1
uc @ a39a0df671df3290.js:1
uf @ a39a0df671df3290.js:1
uc @ a39a0df671df3290.js:1
uf @ a39a0df671df3290.js:1
uc @ a39a0df671df3290.js:1
uf @ a39a0df671df3290.js:1
uc @ a39a0df671df3290.js:1
uf @ a39a0df671df3290.js:1
uc @ a39a0df671df3290.js:1
uf @ a39a0df671df3290.js:1
uc @ a39a0df671df3290.js:1
uf @ a39a0df671df3290.js:1
uc @ a39a0df671df3290.js:1
uf @ a39a0df671df3290.js:1
uc @ a39a0df671df3290.js:1
uf @ a39a0df671df3290.js:1
uc @ a39a0df671df3290.js:1
uf @ a39a0df671df3290.js:1
uc @ a39a0df671df3290.js:1
uf @ a39a0df671df3290.js:1
uc @ a39a0df671df3290.js:1
uf @ a39a0df671df3290.js:1
uc @ a39a0df671df3290.js:1
uf @ a39a0df671df3290.js:1
uc @ a39a0df671df3290.js:1
uf @ a39a0df671df3290.js:1
uc @ a39a0df671df3290.js:1
uf @ a39a0df671df3290.js:1
uc @ a39a0df671df3290.js:1
uf @ a39a0df671df3290.js:1
uc @ a39a0df671df3290.js:1
uf @ a39a0df671df3290.js:1
uc @ a39a0df671df3290.js:1
uf @ a39a0df671df3290.js:1
uc @ a39a0df671df3290.js:1
uf @ a39a0df671df3290.js:1
uc @ a39a0df671df3290.js:1
uf @ a39a0df671df3290.js:1
uc @ a39a0df671df3290.js:1
uf @ a39a0df671df3290.js:1
uc @ a39a0df671df3290.js:1
uf @ a39a0df671df3290.js:1
uc @ a39a0df671df3290.js:1
uf @ a39a0df671df3290.js:1
uc @ a39a0df671df3290.js:1
uf @ a39a0df671df3290.js:1
uc @ a39a0df671df3290.js:1
uf @ a39a0df671df3290.js:1
uc @ a39a0df671df3290.js:1
uf @ a39a0df671df3290.js:1
uc @ a39a0df671df3290.js:1
uf @ a39a0df671df3290.js:1
uc @ a39a0df671df3290.js:1
uf @ a39a0df671df3290.js:1
uc @ a39a0df671df3290.js:1
uf @ a39a0df671df3290.js:1
uc @ a39a0df671df3290.js:1
uf @ a39a0df671df3290.js:1
uc @ a39a0df671df3290.js:1
uf @ a39a0df671df3290.js:1
uc @ a39a0df671df3290.js:1
uf @ a39a0df671df3290.js:1
uc @ a39a0df671df3290.js:1
uf @ a39a0df671df3290.js:1
uc @ a39a0df671df3290.js:1
uf @ a39a0df671df3290.js:1
uc @ a39a0df671df3290.js:1
uf @ a39a0df671df3290.js:1
uc @ a39a0df671df3290.js:1
uf @ a39a0df671df3290.js:1
uc @ a39a0df671df3290.js:1
uf @ a39a0df671df3290.js:1
uc @ a39a0df671df3290.js:1
uf @ a39a0df671df3290.js:1
uc @ a39a0df671df3290.js:1
uf @ a39a0df671df3290.js:1
uc @ a39a0df671df3290.js:1
uf @ a39a0df671df3290.js:1
uc @ a39a0df671df3290.js:1
uf @ a39a0df671df3290.js:1
uc @ a39a0df671df3290.js:1
uf @ a39a0df671df3290.js:1
uc @ a39a0df671df3290.js:1
uf @ a39a0df671df3290.js:1
uc @ a39a0df671df3290.js:1
uf @ a39a0df671df3290.js:1
uc @ a39a0df671df3290.js:1
uf @ a39a0df671df3290.js:1
uc @ a39a0df671df3290.js:1
uf @ a39a0df671df3290.js:1
uc @ a39a0df671df3290.js:1
uf @ a39a0df671df3290.js:1
uc @ a39a0df671df3290.js:1
uf @ a39a0df671df3290.js:1
uc @ a39a0df671df3290.js:1
uf @ a39a0df671df3290.js:1
uc @ a39a0df671df3290.js:1
uf @ a39a0df671df3290.js:1
uc @ a39a0df671df3290.js:1
uf @ a39a0df671df3290.js:1
uc @ a39a0df671df3290.js:1
uf @ a39a0df671df3290.js:1
uc @ a39a0df671df3290.js:1
uf @ a39a0df671df3290.js:1
uc @ a39a0df671df3290.js:1
uf @ a39a0df671df3290.js:1
uc @ a39a0df671df3290.js:1
uf @ a39a0df671df3290.js:1
uc @ a39a0df671df3290.js:1
uf @ a39a0df671df3290.js:1
uc @ a39a0df671df3290.js:1
uf @ a39a0df671df3290.js:1
uc @ a39a0df671df3290.js:1
uf @ a39a0df671df3290.js:1
uc @ a39a0df671df3290.js:1
uf @ a39a0df671df3290.js:1
uc @ a39a0df671df3290.js:1
uf @ a39a0df671df3290.js:1
uc @ a39a0df671df3290.js:1
uf @ a39a0df671df3290.js:1
uc @ a39a0df671df3290.js:1
uf @ a39a0df671df3290.js:1
uc @ a39a0df671df3290.js:1
uf @ a39a0df671df3290.js:1
uc @ a39a0df671df3290.js:1
uf @ a39a0df671df3290.js:1
uc @ a39a0df671df3290.js:1
uf @ a39a0df671df3290.js:1
uc @ a39a0df671df3290.js:1
uf @ a39a0df671df3290.js:1
uc @ a39a0df671df3290.js:1
uf @ a39a0df671df3290.js:1
uc @ a39a0df671df3290.js:1
uf @ a39a0df671df3290.js:1
uc @ a39a0df671df3290.js:1
uf @ a39a0df671df3290.js:1
uc @ a39a0df671df3290.js:1
fc26a0e62498a4f1.js:1  GET https://www.considerra.com/admin/pages/309ab572-09cd-4b5a-934c-882e9b746428?_rsc=a1faf 404 (Not Found)
v @ fc26a0e62498a4f1.js:1
er @ fc26a0e62498a4f1.js:1
$ @ fc26a0e62498a4f1.js:1
（匿名） @ fc26a0e62498a4f1.js:1
（匿名） @ fc26a0e62498a4f1.js:1
U @ fc26a0e62498a4f1.js:1
fc26a0e62498a4f1.js:1  GET https://www.considerra.com/admin/pages/309ab572-09cd-4b5a-934c-882e9b746428/sections/5b333d4b-c8b3-4fc0-a622-dedf384bad65?_rsc=15oq8 404 (Not Found)
v @ fc26a0e62498a4f1.js:1
er @ fc26a0e62498a4f1.js:1
$ @ fc26a0e62498a4f1.js:1
（匿名） @ fc26a0e62498a4f1.js:1
（匿名） @ fc26a0e62498a4f1.js:1
U @ fc26a0e62498a4f1.js:1
fc26a0e62498a4f1.js:1  GET https://www.considerra.com/admin/pages/309ab572-09cd-4b5a-934c-882e9b746428?_rsc=15oq8 404 (Not Found)
v @ fc26a0e62498a4f1.js:1
er @ fc26a0e62498a4f1.js:1
$ @ fc26a0e62498a4f1.js:1
（匿名） @ fc26a0e62498a4f1.js:1
（匿名） @ fc26a0e62498a4f1.js:1
U @ fc26a0e62498a4f1.js:1
fc26a0e62498a4f1.js:1  GET https://www.considerra.com/admin/pages/309ab572-09cd-4b5a-934c-882e9b746428?_rsc=a1faf 404 (Not Found)
v @ fc26a0e62498a4f1.js:1
er @ fc26a0e62498a4f1.js:1
$ @ fc26a0e62498a4f1.js:1
（匿名） @ fc26a0e62498a4f1.js:1
（匿名） @ fc26a0e62498a4f1.js:1
U @ fc26a0e62498a4f1.js:1
setTimeout
P @ fc26a0e62498a4f1.js:1
C @ fc26a0e62498a4f1.js:1
s @ fc26a0e62498a4f1.js:1
s @ fc26a0e62498a4f1.js:2
action @ fc26a0e62498a4f1.js:2
g @ fc26a0e62498a4f1.js:2
（匿名） @ fc26a0e62498a4f1.js:2
dispatch @ fc26a0e62498a4f1.js:2
y @ fc26a0e62498a4f1.js:2
o @ fc26a0e62498a4f1.js:2
Promise.then
g @ fc26a0e62498a4f1.js:2
（匿名） @ fc26a0e62498a4f1.js:2
dispatch @ fc26a0e62498a4f1.js:2
i @ 55dcba33136c4021.js:1
l @ 55dcba33136c4021.js:1
（匿名） @ 55dcba33136c4021.js:1
M @ 55dcba33136c4021.js:1
（匿名） @ 55dcba33136c4021.js:1
a @ 55dcba33136c4021.js:1
n @ 55dcba33136c4021.js:1
eq @ 4d4d31a1fa789243.js:1
sY @ a39a0df671df3290.js:1
（匿名） @ a39a0df671df3290.js:1
tD @ a39a0df671df3290.js:1
s3 @ a39a0df671df3290.js:1
fC @ a39a0df671df3290.js:1
fN @ a39a0df671df3290.js:1
fc26a0e62498a4f1.js:1  GET https://www.considerra.com/admin/pages/309ab572-09cd-4b5a-934c-882e9b746428?_rsc=eo9nm 404 (Not Found)
v @ fc26a0e62498a4f1.js:1
er @ fc26a0e62498a4f1.js:1
$ @ fc26a0e62498a4f1.js:1
（匿名） @ fc26a0e62498a4f1.js:1
（匿名） @ fc26a0e62498a4f1.js:1
U @ fc26a0e62498a4f1.js:1
fc26a0e62498a4f1.js:1  GET https://www.considerra.com/admin/pages/309ab572-09cd-4b5a-934c-882e9b746428/sections/c06c18b0-8090-46ed-95cf-903b62bef25f?_rsc=eo9nm 404 (Not Found)
v @ fc26a0e62498a4f1.js:1
er @ fc26a0e62498a4f1.js:1
$ @ fc26a0e62498a4f1.js:1
（匿名） @ fc26a0e62498a4f1.js:1
（匿名） @ fc26a0e62498a4f1.js:1
U @ fc26a0e62498a4f1.js:1
fc26a0e62498a4f1.js:1  GET https://www.considerra.com/admin/pages/309ab572-09cd-4b5a-934c-882e9b746428?_rsc=a1faf 404 (Not Found)
v @ fc26a0e62498a4f1.js:1
er @ fc26a0e62498a4f1.js:1
$ @ fc26a0e62498a4f1.js:1
（匿名） @ fc26a0e62498a4f1.js:1
（匿名） @ fc26a0e62498a4f1.js:1
U @ fc26a0e62498a4f1.js:1
fc26a0e62498a4f1.js:1  GET https://www.considerra.com/admin/pages/309ab572-09cd-4b5a-934c-882e9b746428?_rsc=eo9nm 404 (Not Found)
v @ fc26a0e62498a4f1.js:1
er @ fc26a0e62498a4f1.js:1
$ @ fc26a0e62498a4f1.js:1
（匿名） @ fc26a0e62498a4f1.js:1
（匿名） @ fc26a0e62498a4f1.js:1
U @ fc26a0e62498a4f1.js:1
fc26a0e62498a4f1.js:1  GET https://www.considerra.com/admin/pages/309ab572-09cd-4b5a-934c-882e9b746428/sections/c06c18b0-8090-46ed-95cf-903b62bef25f?_rsc=eo9nm 404 (Not Found)
v @ fc26a0e62498a4f1.js:1
er @ fc26a0e62498a4f1.js:1
$ @ fc26a0e62498a4f1.js:1
（匿名） @ fc26a0e62498a4f1.js:1
（匿名） @ fc26a0e62498a4f1.js:1
U @ fc26a0e62498a4f1.js:1
